0 info it worked if it ends with ok
1 verbose cli [ 'node',
1 verbose cli   '/usr/local/bin/npm',
1 verbose cli   'install',
1 verbose cli   '-g',
1 verbose cli   'keybase-installer' ]
2 info using npm@1.4.28
3 info using node@v0.10.34
4 verbose cache add [ 'keybase-installer', null ]
5 verbose cache add name=undefined spec="keybase-installer" args=["keybase-installer",null]
6 verbose parsed url { protocol: null,
6 verbose parsed url   slashes: null,
6 verbose parsed url   auth: null,
6 verbose parsed url   host: null,
6 verbose parsed url   port: null,
6 verbose parsed url   hostname: null,
6 verbose parsed url   hash: null,
6 verbose parsed url   search: null,
6 verbose parsed url   query: null,
6 verbose parsed url   pathname: 'keybase-installer',
6 verbose parsed url   path: 'keybase-installer',
6 verbose parsed url   href: 'keybase-installer' }
7 silly lockFile ffdc04a0-keybase-installer keybase-installer
8 verbose lock keybase-installer /Users/mfinkle/.npm/ffdc04a0-keybase-installer.lock
9 silly lockFile ffdc04a0-keybase-installer keybase-installer
10 silly lockFile ffdc04a0-keybase-installer keybase-installer
11 verbose addNamed [ 'keybase-installer', '' ]
12 verbose addNamed [ null, '*' ]
13 silly lockFile 248ae426-keybase-installer keybase-installer@
14 verbose lock keybase-installer@ /Users/mfinkle/.npm/248ae426-keybase-installer.lock
15 silly addNameRange { name: 'keybase-installer', range: '*', hasData: false }
16 verbose request where is /keybase-installer
17 verbose request registry https://registry.npmjs.org/
18 verbose request id 0d0d8d999adb2794
19 verbose url raw /keybase-installer
20 verbose url resolving [ 'https://registry.npmjs.org/', './keybase-installer' ]
21 verbose url resolved https://registry.npmjs.org/keybase-installer
22 verbose request where is https://registry.npmjs.org/keybase-installer
23 info trying registry request attempt 1 at 14:05:31
24 http GET https://registry.npmjs.org/keybase-installer
25 http 200 https://registry.npmjs.org/keybase-installer
26 silly registry.get cb [ 200,
26 silly registry.get   { date: 'Mon, 29 Dec 2014 19:05:31 GMT',
26 silly registry.get     server: 'CouchDB/1.5.0 (Erlang OTP/R16B03)',
26 silly registry.get     etag: '"5MNFBP8C5PE3J7DIOYRXTE5N6"',
26 silly registry.get     'content-type': 'application/json',
26 silly registry.get     'cache-control': 'max-age=60',
26 silly registry.get     'content-length': '25134',
26 silly registry.get     'accept-ranges': 'bytes',
26 silly registry.get     via: '1.1 varnish',
26 silly registry.get     age: '0',
26 silly registry.get     'x-served-by': 'cache-iad2132-IAD',
26 silly registry.get     'x-cache': 'MISS',
26 silly registry.get     'x-cache-hits': '0',
26 silly registry.get     'x-timer': 'S1419879931.938785,VS0,VE60',
26 silly registry.get     vary: 'Accept',
26 silly registry.get     'keep-alive': 'timeout=10, max=50',
26 silly registry.get     connection: 'Keep-Alive' } ]
27 silly addNameRange number 2 { name: 'keybase-installer', range: '*', hasData: true }
28 silly addNameRange versions [ 'keybase-installer',
28 silly addNameRange   [ '0.1.8',
28 silly addNameRange     '0.1.9',
28 silly addNameRange     '0.1.10',
28 silly addNameRange     '0.1.11',
28 silly addNameRange     '0.1.12',
28 silly addNameRange     '0.1.13',
28 silly addNameRange     '0.1.14',
28 silly addNameRange     '0.1.15',
28 silly addNameRange     '0.1.16',
28 silly addNameRange     '0.1.17',
28 silly addNameRange     '0.1.18',
28 silly addNameRange     '0.1.19',
28 silly addNameRange     '0.1.20',
28 silly addNameRange     '0.1.21',
28 silly addNameRange     '0.1.22',
28 silly addNameRange     '1.0.0',
28 silly addNameRange     '1.0.1' ] ]
29 verbose addNamed [ 'keybase-installer', '1.0.1' ]
30 verbose addNamed [ '1.0.1', '1.0.1' ]
31 silly lockFile 7dc5f421-keybase-installer-1-0-1 keybase-installer@1.0.1
32 verbose lock keybase-installer@1.0.1 /Users/mfinkle/.npm/7dc5f421-keybase-installer-1-0-1.lock
33 silly lockFile 05781cd3-ller-keybase-installer-1-0-1-tgz https://registry.npmjs.org/keybase-installer/-/keybase-installer-1.0.1.tgz
34 verbose lock https://registry.npmjs.org/keybase-installer/-/keybase-installer-1.0.1.tgz /Users/mfinkle/.npm/05781cd3-ller-keybase-installer-1-0-1-tgz.lock
35 verbose addRemoteTarball [ 'https://registry.npmjs.org/keybase-installer/-/keybase-installer-1.0.1.tgz',
35 verbose addRemoteTarball   '31ca46388833665225e8113bdd79ded9b04e0862' ]
36 info retry fetch attempt 1 at 14:05:32
37 verbose fetch to= /var/folders/jg/9fy028ld5mdfk6j08l3mdty80000gn/T/npm-34939-j3AmyGUr/registry.npmjs.org/keybase-installer/-/keybase-installer-1.0.1.tgz
38 http GET https://registry.npmjs.org/keybase-installer/-/keybase-installer-1.0.1.tgz
39 http 200 https://registry.npmjs.org/keybase-installer/-/keybase-installer-1.0.1.tgz
40 silly lockFile 05781cd3-ller-keybase-installer-1-0-1-tgz https://registry.npmjs.org/keybase-installer/-/keybase-installer-1.0.1.tgz
41 silly lockFile 05781cd3-ller-keybase-installer-1-0-1-tgz https://registry.npmjs.org/keybase-installer/-/keybase-installer-1.0.1.tgz
42 silly lockFile 7dc5f421-keybase-installer-1-0-1 keybase-installer@1.0.1
43 silly lockFile 7dc5f421-keybase-installer-1-0-1 keybase-installer@1.0.1
44 silly lockFile 248ae426-keybase-installer keybase-installer@
45 silly lockFile 248ae426-keybase-installer keybase-installer@
46 silly resolved [ { name: 'keybase-installer',
46 silly resolved     version: '1.0.1',
46 silly resolved     description: 'Trusted installer/updater for keybase',
46 silly resolved     scripts: { test: 'make test' },
46 silly resolved     bin: { 'keybase-installer': './bin/main.js' },
46 silly resolved     main: './lib/top.js',
46 silly resolved     repository: { type: 'git', url: 'git://github.com/keybase/node-installer' },
46 silly resolved     engineStrict: true,
46 silly resolved     dependencies:
46 silly resolved      { badnode: '^1.0.1',
46 silly resolved        colors: '0.6.2',
46 silly resolved        'gpg-wrapper': '>=1.0.0',
46 silly resolved        'iced-data-structures': '~0.0.5',
46 silly resolved        'iced-error': '~0.0.8',
46 silly resolved        'iced-logger': '~0.0.1',
46 silly resolved        'iced-runtime': '^1.0.0',
46 silly resolved        'iced-spawn': '>=0.0.3',
46 silly resolved        'iced-utils': '>=0.1.22',
46 silly resolved        'keybase-path': '^0.0.15',
46 silly resolved        'pgp-utils': '>=0.0.8',
46 silly resolved        progress: '1.1.3',
46 silly resolved        request: '^2.34.0',
46 silly resolved        semver: '>=1' },
46 silly resolved     devDependencies: { 'iced-coffee-script': '^1.8.0-c' },
46 silly resolved     bundleDependencies:
46 silly resolved      [ 'badnode',
46 silly resolved        'colors',
46 silly resolved        'gpg-wrapper',
46 silly resolved        'keybase-path',
46 silly resolved        'iced-runtime',
46 silly resolved        'iced-data-structures',
46 silly resolved        'iced-error',
46 silly resolved        'iced-logger',
46 silly resolved        'iced-spawn',
46 silly resolved        'iced-utils',
46 silly resolved        'pgp-utils',
46 silly resolved        'progress',
46 silly resolved        'request',
46 silly resolved        'semver' ],
46 silly resolved     author: { name: 'Maxwell Krohn', email: 'themax@gmail.com' },
46 silly resolved     license: 'BSD-3-Clause',
46 silly resolved     bugs: { url: 'https://github.com/keybase/node-installer/issues' },
46 silly resolved     gitHead: '61dd8081a604f3193ecda20a9c0fc618d3c96c80',
46 silly resolved     homepage: 'https://github.com/keybase/node-installer',
46 silly resolved     _id: 'keybase-installer@1.0.1',
46 silly resolved     _shasum: '31ca46388833665225e8113bdd79ded9b04e0862',
46 silly resolved     _from: 'keybase-installer@',
46 silly resolved     _npmVersion: '2.1.14',
46 silly resolved     _nodeVersion: '0.10.34',
46 silly resolved     _npmUser: { name: 'maxtaco', email: 'themax@gmail.com' },
46 silly resolved     maintainers: [ [Object] ],
46 silly resolved     dist:
46 silly resolved      { shasum: '31ca46388833665225e8113bdd79ded9b04e0862',
46 silly resolved        tarball: 'http://registry.npmjs.org/keybase-installer/-/keybase-installer-1.0.1.tgz' },
46 silly resolved     directories: {},
46 silly resolved     _resolved: 'https://registry.npmjs.org/keybase-installer/-/keybase-installer-1.0.1.tgz' } ]
47 info install keybase-installer@1.0.1 into /usr/local/lib
48 info installOne keybase-installer@1.0.1
49 verbose lib/node_modules/keybase-installer unbuild
50 verbose tar unpack /Users/mfinkle/.npm/keybase-installer/1.0.1/package.tgz
51 silly lockFile 6446b940-b-node-modules-keybase-installer tar:///usr/local/lib/node_modules/keybase-installer
52 verbose lock tar:///usr/local/lib/node_modules/keybase-installer /Users/mfinkle/.npm/6446b940-b-node-modules-keybase-installer.lock
53 silly lockFile fd974d8a-base-installer-1-0-1-package-tgz tar:///Users/mfinkle/.npm/keybase-installer/1.0.1/package.tgz
54 verbose lock tar:///Users/mfinkle/.npm/keybase-installer/1.0.1/package.tgz /Users/mfinkle/.npm/fd974d8a-base-installer-1-0-1-package-tgz.lock
55 silly gunzTarPerm modes [ '755', '644' ]
56 error Error: EACCES, mkdir '/usr/local/lib/node_modules/keybase-installer'
56 error  { [Error: EACCES, mkdir '/usr/local/lib/node_modules/keybase-installer']
56 error   errno: 3,
56 error   code: 'EACCES',
56 error   path: '/usr/local/lib/node_modules/keybase-installer',
56 error   fstream_type: 'Directory',
56 error   fstream_path: '/usr/local/lib/node_modules/keybase-installer',
56 error   fstream_class: 'DirWriter',
56 error   fstream_stack:
56 error    [ '/usr/local/lib/node_modules/npm/node_modules/fstream/lib/dir-writer.js:36:23',
56 error      '/usr/local/lib/node_modules/npm/node_modules/mkdirp/index.js:46:53',
56 error      'Object.oncomplete (fs.js:108:15)' ] }
57 error Please try running this command again as root/Administrator.
58 error System Darwin 14.0.0
59 error command "node" "/usr/local/bin/npm" "install" "-g" "keybase-installer"
60 error cwd /Users/mfinkle/source/fennec-telemetry
61 error node -v v0.10.34
62 error npm -v 1.4.28
63 error path /usr/local/lib/node_modules/keybase-installer
64 error fstream_path /usr/local/lib/node_modules/keybase-installer
65 error fstream_type Directory
66 error fstream_class DirWriter
67 error code EACCES
68 error errno 3
69 error stack Error: EACCES, mkdir '/usr/local/lib/node_modules/keybase-installer'
70 error fstream_stack /usr/local/lib/node_modules/npm/node_modules/fstream/lib/dir-writer.js:36:23
70 error fstream_stack /usr/local/lib/node_modules/npm/node_modules/mkdirp/index.js:46:53
70 error fstream_stack Object.oncomplete (fs.js:108:15)
71 verbose exit [ 3, true ]
